top - 09:19:41 up  1:05,  0 user,  load average: 0.28, 0.24, 0.24
Tasks:   5 total,   1 running,   4 sleeping,   0 stopped,   0 zombie
%Cpu(s):  2.9 us,  2.9 sy,  0.0 ni, 94.3 id,  0.0 wa,  0.0 hi,  0.0 si,  0.0 st 
MiB Mem :   6184.8 total,   2579.9 free,   1721.3 used,   2205.9 buff/cache     
MiB Swap:   3898.0 total,   3898.0 free,      0.0 used.   4463.6 avail Mem 

    PID USER      PR  NI    VIRT    RES    SHR S  %CPU  %MEM     TIME+ COMMAND
      1 root      20   0    4588   3456   3072 S   0.0   0.1   0:00.19 bash
      9 root      20   0    4588   3712   3200 S   0.0   0.1   0:00.23 bash
    263 root      20   0   11052   1696    768 S   0.0   0.0   0:00.00 nginx
    264 nobody    20   0   11280   3104   2048 S   0.0   0.0   0:00.00 nginx
    273 root      20   0    8716   5120   3072 R   0.0   0.1   0:00.00 top

top - 09:19:42 up  1:05,  0 user,  load average: 0.28, 0.24, 0.24
Tasks:   5 total,   1 running,   4 sleeping,   0 stopped,   0 zombie
%Cpu(s):  0.5 us,  0.2 sy,  0.0 ni, 99.1 id,  0.0 wa,  0.0 hi,  0.2 si,  0.0 st 
MiB Mem :   6184.8 total,   2579.9 free,   1721.3 used,   2205.9 buff/cache     
MiB Swap:   3898.0 total,   3898.0 free,      0.0 used.   4463.6 avail Mem 

    PID USER      PR  NI    VIRT    RES    SHR S  %CPU  %MEM     TIME+ COMMAND
      1 root      20   0    4588   3456   3072 S   0.0   0.1   0:00.19 bash
      9 root      20   0    4588   3712   3200 S   0.0   0.1   0:00.23 bash
    263 root      20   0   11052   1696    768 S   0.0   0.0   0:00.00 nginx
    264 nobody    20   0   11280   3104   2048 S   0.0   0.0   0:00.00 nginx
    273 root      20   0    8716   5248   3200 R   0.0   0.1   0:00.00 top

top - 09:19:43 up  1:05,  0 user,  load average: 0.28, 0.24, 0.24
Tasks:   5 total,   1 running,   4 sleeping,   0 stopped,   0 zombie
%Cpu(s):  0.5 us,  0.8 sy,  0.0 ni, 98.5 id,  0.0 wa,  0.0 hi,  0.3 si,  0.0 st 
MiB Mem :   6184.8 total,   2579.9 free,   1721.3 used,   2205.9 buff/cache     
MiB Swap:   3898.0 total,   3898.0 free,      0.0 used.   4463.6 avail Mem 

    PID USER      PR  NI    VIRT    RES    SHR S  %CPU  %MEM     TIME+ COMMAND
      1 root      20   0    4588   3456   3072 S   0.0   0.1   0:00.19 bash
      9 root      20   0    4588   3712   3200 S   0.0   0.1   0:00.23 bash
    263 root      20   0   11052   1696    768 S   0.0   0.0   0:00.00 nginx
    264 nobody    20   0   11280   3104   2048 S   0.0   0.0   0:00.00 nginx
    273 root      20   0    8716   5248   3200 R   0.0   0.1   0:00.00 top

top - 09:19:44 up  1:05,  0 user,  load average: 0.26, 0.24, 0.24
Tasks:   5 total,   1 running,   4 sleeping,   0 stopped,   0 zombie
%Cpu(s):  0.3 us,  0.5 sy,  0.0 ni, 99.0 id,  0.0 wa,  0.0 hi,  0.3 si,  0.0 st 
MiB Mem :   6184.8 total,   2579.9 free,   1721.2 used,   2205.9 buff/cache     
MiB Swap:   3898.0 total,   3898.0 free,      0.0 used.   4463.6 avail Mem 

    PID USER      PR  NI    VIRT    RES    SHR S  %CPU  %MEM     TIME+ COMMAND
      1 root      20   0    4588   3456   3072 S   0.0   0.1   0:00.19 bash
      9 root      20   0    4588   3712   3200 S   0.0   0.1   0:00.23 bash
    263 root      20   0   11052   1696    768 S   0.0   0.0   0:00.00 nginx
    264 nobody    20   0   11280   3104   2048 S   0.0   0.0   0:00.00 nginx
    273 root      20   0    8716   5248   3200 R   0.0   0.1   0:00.00 top

top - 09:19:45 up  1:05,  0 user,  load average: 0.26, 0.24, 0.24
Tasks:   5 total,   1 running,   4 sleeping,   0 stopped,   0 zombie
%Cpu(s):  0.0 us,  0.3 sy,  0.0 ni, 99.7 id,  0.0 wa,  0.0 hi,  0.0 si,  0.0 st 
MiB Mem :   6184.8 total,   2579.9 free,   1721.2 used,   2205.9 buff/cache     
MiB Swap:   3898.0 total,   3898.0 free,      0.0 used.   4463.6 avail Mem 

    PID USER      PR  NI    VIRT    RES    SHR S  %CPU  %MEM     TIME+ COMMAND
      1 root      20   0    4588   3456   3072 S   0.0   0.1   0:00.19 bash
      9 root      20   0    4588   3712   3200 S   0.0   0.1   0:00.23 bash
    263 root      20   0   11052   1696    768 S   0.0   0.0   0:00.00 nginx
    264 nobody    20   0   11280   3104   2048 S   0.0   0.0   0:00.00 nginx
    273 root      20   0    8716   5248   3200 R   0.0   0.1   0:00.00 top

top - 09:19:46 up  1:05,  0 user,  load average: 0.26, 0.24, 0.24
Tasks:   5 total,   1 running,   4 sleeping,   0 stopped,   0 zombie
%Cpu(s):  3.2 us,  9.0 sy,  0.0 ni, 84.3 id,  0.0 wa,  0.0 hi,  3.5 si,  0.0 st 
MiB Mem :   6184.8 total,   2579.9 free,   1721.2 used,   2205.9 buff/cache     
MiB Swap:   3898.0 total,   3898.0 free,      0.0 used.   4463.6 avail Mem 

    PID USER      PR  NI    VIRT    RES    SHR S  %CPU  %MEM     TIME+ COMMAND
      1 root      20   0    4588   3456   3072 S   0.0   0.1   0:00.19 bash
      9 root      20   0    4588   3712   3200 S   0.0   0.1   0:00.23 bash
    263 root      20   0   11052   1696    768 S   0.0   0.0   0:00.00 nginx
    264 nobody    20   0   11280   3104   2048 S   0.0   0.0   0:00.00 nginx
    273 root      20   0    8716   5248   3200 R   0.0   0.1   0:00.00 top

top - 09:19:47 up  1:05,  0 user,  load average: 0.26, 0.24, 0.24
Tasks:   5 total,   1 running,   4 sleeping,   0 stopped,   0 zombie
%Cpu(s):  7.5 us, 15.6 sy,  0.0 ni, 71.0 id,  0.0 wa,  0.0 hi,  5.9 si,  0.0 st 
MiB Mem :   6184.8 total,   2577.7 free,   1723.5 used,   2205.9 buff/cache     
MiB Swap:   3898.0 total,   3898.0 free,      0.0 used.   4461.4 avail Mem 

    PID USER      PR  NI    VIRT    RES    SHR S  %CPU  %MEM     TIME+ COMMAND
      1 root      20   0    4588   3456   3072 S   0.0   0.1   0:00.19 bash
      9 root      20   0    4588   3712   3200 S   0.0   0.1   0:00.23 bash
    263 root      20   0   11052   1696    768 S   0.0   0.0   0:00.00 nginx
    264 nobody    20   0   11280   3104   2048 S   0.0   0.0   0:00.00 nginx
    273 root      20   0    8716   5248   3200 R   0.0   0.1   0:00.00 top

top - 09:19:48 up  1:05,  0 user,  load average: 0.26, 0.24, 0.24
Tasks:   5 total,   1 running,   4 sleeping,   0 stopped,   0 zombie
%Cpu(s):  8.4 us, 13.2 sy,  0.0 ni, 73.5 id,  0.0 wa,  0.0 hi,  4.8 si,  0.0 st 
MiB Mem :   6184.8 total,   2577.7 free,   1723.5 used,   2205.9 buff/cache     
MiB Swap:   3898.0 total,   3898.0 free,      0.0 used.   4461.4 avail Mem 

    PID USER      PR  NI    VIRT    RES    SHR S  %CPU  %MEM     TIME+ COMMAND
      1 root      20   0    4588   3456   3072 S   0.0   0.1   0:00.19 bash
      9 root      20   0    4588   3712   3200 S   0.0   0.1   0:00.23 bash
    263 root      20   0   11052   1696    768 S   0.0   0.0   0:00.00 nginx
    264 nobody    20   0   11280   3104   2048 S   0.0   0.0   0:00.00 nginx
    273 root      20   0    8716   5248   3200 R   0.0   0.1   0:00.00 top

top - 09:19:49 up  1:05,  0 user,  load average: 0.32, 0.25, 0.25
Tasks:   5 total,   1 running,   4 sleeping,   0 stopped,   0 zombie
%Cpu(s):  6.8 us, 17.2 sy,  0.0 ni, 69.5 id,  0.0 wa,  0.0 hi,  6.5 si,  0.0 st 
MiB Mem :   6184.8 total,   2577.7 free,   1723.5 used,   2205.9 buff/cache     
MiB Swap:   3898.0 total,   3898.0 free,      0.0 used.   4461.4 avail Mem 

    PID USER      PR  NI    VIRT    RES    SHR S  %CPU  %MEM     TIME+ COMMAND
      1 root      20   0    4588   3456   3072 S   0.0   0.1   0:00.19 bash
      9 root      20   0    4588   3712   3200 S   0.0   0.1   0:00.23 bash
    263 root      20   0   11052   1696    768 S   0.0   0.0   0:00.00 nginx
    264 nobody    20   0   11280   3104   2048 S   0.0   0.0   0:00.00 nginx
    273 root      20   0    8716   5248   3200 R   0.0   0.1   0:00.00 top

top - 09:19:50 up  1:05,  0 user,  load average: 0.32, 0.25, 0.25
Tasks:   5 total,   1 running,   4 sleeping,   0 stopped,   0 zombie
%Cpu(s):  9.1 us, 18.6 sy,  0.0 ni, 65.5 id,  0.0 wa,  0.0 hi,  6.8 si,  0.0 st 
MiB Mem :   6184.8 total,   2577.7 free,   1723.3 used,   2206.0 buff/cache     
MiB Swap:   3898.0 total,   3898.0 free,      0.0 used.   4461.5 avail Mem 

    PID USER      PR  NI    VIRT    RES    SHR S  %CPU  %MEM     TIME+ COMMAND
      1 root      20   0    4588   3456   3072 S   0.0   0.1   0:00.19 bash
      9 root      20   0    4588   3712   3200 S   0.0   0.1   0:00.23 bash
    263 root      20   0   11052   1696    768 S   0.0   0.0   0:00.00 nginx
    264 nobody    20   0   11280   3104   2048 S   0.0   0.0   0:00.00 nginx
    273 root      20   0    8716   5248   3200 R   0.0   0.1   0:00.00 top

top - 09:19:51 up  1:05,  0 user,  load average: 0.32, 0.25, 0.25
Tasks:   5 total,   1 running,   4 sleeping,   0 stopped,   0 zombie
%Cpu(s): 10.9 us, 17.4 sy,  0.0 ni, 66.1 id,  0.0 wa,  0.0 hi,  5.6 si,  0.0 st 
MiB Mem :   6184.8 total,   2577.7 free,   1723.3 used,   2206.0 buff/cache     
MiB Swap:   3898.0 total,   3898.0 free,      0.0 used.   4461.5 avail Mem 

    PID USER      PR  NI    VIRT    RES    SHR S  %CPU  %MEM     TIME+ COMMAND
      1 root      20   0    4588   3456   3072 S   0.0   0.1   0:00.19 bash
      9 root      20   0    4588   3712   3200 S   0.0   0.1   0:00.23 bash
    263 root      20   0   11052   1696    768 S   0.0   0.0   0:00.00 nginx
    264 nobody    20   0   11280   3104   2048 S   0.0   0.0   0:00.00 nginx
    273 root      20   0    8716   5248   3200 R   0.0   0.1   0:00.00 top

top - 09:19:52 up  1:05,  0 user,  load average: 0.32, 0.25, 0.25
Tasks:   5 total,   1 running,   4 sleeping,   0 stopped,   0 zombie
%Cpu(s):  9.4 us, 16.5 sy,  0.0 ni, 68.1 id,  0.0 wa,  0.0 hi,  6.1 si,  0.0 st 
MiB Mem :   6184.8 total,   2577.7 free,   1723.3 used,   2206.0 buff/cache     
MiB Swap:   3898.0 total,   3898.0 free,      0.0 used.   4461.5 avail Mem 

    PID USER      PR  NI    VIRT    RES    SHR S  %CPU  %MEM     TIME+ COMMAND
      1 root      20   0    4588   3456   3072 S   0.0   0.1   0:00.19 bash
      9 root      20   0    4588   3712   3200 S   0.0   0.1   0:00.23 bash
    263 root      20   0   11052   1696    768 S   0.0   0.0   0:00.00 nginx
    264 nobody    20   0   11280   3104   2048 S   0.0   0.0   0:00.00 nginx
    273 root      20   0    8716   5248   3200 R   0.0   0.1   0:00.00 top

top - 09:19:53 up  1:05,  0 user,  load average: 0.32, 0.25, 0.25
Tasks:   5 total,   1 running,   4 sleeping,   0 stopped,   0 zombie
%Cpu(s): 10.5 us, 17.2 sy,  0.0 ni, 65.6 id,  0.0 wa,  0.0 hi,  6.7 si,  0.0 st 
MiB Mem :   6184.8 total,   2577.7 free,   1723.2 used,   2206.1 buff/cache     
MiB Swap:   3898.0 total,   3898.0 free,      0.0 used.   4461.6 avail Mem 

    PID USER      PR  NI    VIRT    RES    SHR S  %CPU  %MEM     TIME+ COMMAND
      1 root      20   0    4588   3456   3072 S   0.0   0.1   0:00.19 bash
      9 root      20   0    4588   3712   3200 S   0.0   0.1   0:00.23 bash
    263 root      20   0   11052   1696    768 S   0.0   0.0   0:00.00 nginx
    264 nobody    20   0   11280   3104   2048 S   0.0   0.0   0:00.00 nginx
    273 root      20   0    8716   5248   3200 R   0.0   0.1   0:00.00 top

top - 09:19:54 up  1:05,  0 user,  load average: 0.29, 0.25, 0.24
Tasks:   5 total,   1 running,   4 sleeping,   0 stopped,   0 zombie
%Cpu(s): 11.7 us, 17.5 sy,  0.0 ni, 65.3 id,  0.0 wa,  0.0 hi,  5.5 si,  0.0 st 
MiB Mem :   6184.8 total,   2577.7 free,   1723.2 used,   2206.1 buff/cache     
MiB Swap:   3898.0 total,   3898.0 free,      0.0 used.   4461.6 avail Mem 

    PID USER      PR  NI    VIRT    RES    SHR S  %CPU  %MEM     TIME+ COMMAND
      1 root      20   0    4588   3456   3072 S   0.0   0.1   0:00.19 bash
      9 root      20   0    4588   3712   3200 S   0.0   0.1   0:00.23 bash
    263 root      20   0   11052   1696    768 S   0.0   0.0   0:00.00 nginx
    264 nobody    20   0   11280   3104   2048 S   0.0   0.0   0:00.00 nginx
    273 root      20   0    8716   5248   3200 R   0.0   0.1   0:00.00 top

top - 09:19:55 up  1:05,  0 user,  load average: 0.29, 0.25, 0.24
Tasks:   5 total,   1 running,   4 sleeping,   0 stopped,   0 zombie
%Cpu(s): 12.2 us, 18.4 sy,  0.0 ni, 63.2 id,  0.0 wa,  0.0 hi,  6.2 si,  0.0 st 
MiB Mem :   6184.8 total,   2577.7 free,   1723.2 used,   2206.1 buff/cache     
MiB Swap:   3898.0 total,   3898.0 free,      0.0 used.   4461.6 avail Mem 

    PID USER      PR  NI    VIRT    RES    SHR S  %CPU  %MEM     TIME+ COMMAND
      1 root      20   0    4588   3456   3072 S   0.0   0.1   0:00.19 bash
      9 root      20   0    4588   3712   3200 S   0.0   0.1   0:00.23 bash
    263 root      20   0   11052   1696    768 S   0.0   0.0   0:00.00 nginx
    264 nobody    20   0   11280   3104   2048 S   0.0   0.0   0:00.00 nginx
    273 root      20   0    8716   5248   3200 R   0.0   0.1   0:00.00 top

top - 09:19:56 up  1:05,  0 user,  load average: 0.29, 0.25, 0.24
Tasks:   5 total,   1 running,   4 sleeping,   0 stopped,   0 zombie
%Cpu(s):  6.1 us, 16.4 sy,  0.0 ni, 71.7 id,  0.0 wa,  0.0 hi,  5.8 si,  0.0 st 
MiB Mem :   6184.8 total,   2577.7 free,   1723.2 used,   2206.2 buff/cache     
MiB Swap:   3898.0 total,   3898.0 free,      0.0 used.   4461.6 avail Mem 

    PID USER      PR  NI    VIRT    RES    SHR S  %CPU  %MEM     TIME+ COMMAND
      1 root      20   0    4588   3456   3072 S   0.0   0.1   0:00.19 bash
      9 root      20   0    4588   3712   3200 S   0.0   0.1   0:00.23 bash
    263 root      20   0   11052   1696    768 S   0.0   0.0   0:00.00 nginx
    264 nobody    20   0   11280   3104   2048 S   0.0   0.0   0:00.00 nginx
    273 root      20   0    8716   5248   3200 R   0.0   0.1   0:00.00 top

top - 09:19:57 up  1:05,  0 user,  load average: 0.29, 0.25, 0.24
Tasks:   5 total,   1 running,   4 sleeping,   0 stopped,   0 zombie
%Cpu(s):  6.3 us, 13.2 sy,  0.0 ni, 76.7 id,  0.0 wa,  0.0 hi,  3.8 si,  0.0 st 
MiB Mem :   6184.8 total,   2577.7 free,   1723.2 used,   2206.2 buff/cache     
MiB Swap:   3898.0 total,   3898.0 free,      0.0 used.   4461.6 avail Mem 

    PID USER      PR  NI    VIRT    RES    SHR S  %CPU  %MEM     TIME+ COMMAND
      1 root      20   0    4588   3456   3072 S   0.0   0.1   0:00.19 bash
      9 root      20   0    4588   3712   3200 S   0.0   0.1   0:00.23 bash
    263 root      20   0   11052   1696    768 S   0.0   0.0   0:00.00 nginx
    264 nobody    20   0   11280   3104   2048 S   0.0   0.0   0:00.00 nginx
    273 root      20   0    8716   5248   3200 R   0.0   0.1   0:00.00 top

top - 09:19:58 up  1:05,  0 user,  load average: 0.29, 0.25, 0.24
Tasks:   5 total,   1 running,   4 sleeping,   0 stopped,   0 zombie
%Cpu(s):  6.7 us, 12.7 sy,  0.0 ni, 76.8 id,  0.0 wa,  0.0 hi,  3.8 si,  0.0 st 
MiB Mem :   6184.8 total,   2577.7 free,   1723.2 used,   2206.2 buff/cache     
MiB Swap:   3898.0 total,   3898.0 free,      0.0 used.   4461.6 avail Mem 

    PID USER      PR  NI    VIRT    RES    SHR S  %CPU  %MEM     TIME+ COMMAND
      1 root      20   0    4588   3456   3072 S   0.0   0.1   0:00.19 bash
      9 root      20   0    4588   3712   3200 S   0.0   0.1   0:00.23 bash
    263 root      20   0   11052   1696    768 S   0.0   0.0   0:00.00 nginx
    264 nobody    20   0   11280   3104   2048 S   0.0   0.0   0:00.00 nginx
    273 root      20   0    8716   5248   3200 R   0.0   0.1   0:00.00 top

top - 09:19:59 up  1:05,  0 user,  load average: 0.35, 0.26, 0.25
Tasks:   5 total,   1 running,   4 sleeping,   0 stopped,   0 zombie
%Cpu(s):  5.8 us, 14.8 sy,  0.0 ni, 74.5 id,  0.0 wa,  0.0 hi,  4.8 si,  0.0 st 
MiB Mem :   6184.8 total,   2577.4 free,   1723.4 used,   2206.2 buff/cache     
MiB Swap:   3898.0 total,   3898.0 free,      0.0 used.   4461.4 avail Mem 

    PID USER      PR  NI    VIRT    RES    SHR S  %CPU  %MEM     TIME+ COMMAND
      1 root      20   0    4588   3456   3072 S   0.0   0.1   0:00.19 bash
      9 root      20   0    4588   3712   3200 S   0.0   0.1   0:00.23 bash
    263 root      20   0   11052   1696    768 S   0.0   0.0   0:00.00 nginx
    264 nobody    20   0   11280   3104   2048 S   0.0   0.0   0:00.00 nginx
    273 root      20   0    8716   5248   3200 R   0.0   0.1   0:00.00 top

top - 09:20:00 up  1:05,  0 user,  load average: 0.35, 0.26, 0.25
Tasks:   5 total,   1 running,   4 sleeping,   0 stopped,   0 zombie
%Cpu(s):  5.3 us, 15.0 sy,  0.0 ni, 75.7 id,  0.0 wa,  0.0 hi,  4.0 si,  0.0 st 
MiB Mem :   6184.8 total,   2577.4 free,   1723.4 used,   2206.2 buff/cache     
MiB Swap:   3898.0 total,   3898.0 free,      0.0 used.   4461.4 avail Mem 

    PID USER      PR  NI    VIRT    RES    SHR S  %CPU  %MEM     TIME+ COMMAND
    273 root      20   0    8716   5248   3200 R   1.0   0.1   0:00.01 top
      1 root      20   0    4588   3456   3072 S   0.0   0.1   0:00.19 bash
      9 root      20   0    4588   3712   3200 S   0.0   0.1   0:00.23 bash
    263 root      20   0   11052   1696    768 S   0.0   0.0   0:00.00 nginx
    264 nobody    20   0   11280   3104   2048 S   0.0   0.0   0:00.00 nginx

top - 09:20:01 up  1:05,  0 user,  load average: 0.35, 0.26, 0.25
Tasks:   5 total,   1 running,   4 sleeping,   0 stopped,   0 zombie
%Cpu(s):  6.5 us, 11.5 sy,  0.0 ni, 78.0 id,  0.0 wa,  0.0 hi,  4.0 si,  0.0 st 
MiB Mem :   6184.8 total,   2577.4 free,   1723.4 used,   2206.2 buff/cache     
MiB Swap:   3898.0 total,   3898.0 free,      0.0 used.   4461.4 avail Mem 

    PID USER      PR  NI    VIRT    RES    SHR S  %CPU  %MEM     TIME+ COMMAND
      1 root      20   0    4588   3456   3072 S   0.0   0.1   0:00.19 bash
      9 root      20   0    4588   3712   3200 S   0.0   0.1   0:00.23 bash
    263 root      20   0   11052   1696    768 S   0.0   0.0   0:00.00 nginx
    264 nobody    20   0   11280   3104   2048 S   0.0   0.0   0:00.00 nginx
    273 root      20   0    8716   5248   3200 R   0.0   0.1   0:00.01 top

top - 09:20:02 up  1:05,  0 user,  load average: 0.35, 0.26, 0.25
Tasks:   5 total,   1 running,   4 sleeping,   0 stopped,   0 zombie
%Cpu(s):  6.1 us, 14.5 sy,  0.0 ni, 74.6 id,  0.0 wa,  0.0 hi,  4.8 si,  0.0 st 
MiB Mem :   6184.8 total,   2577.4 free,   1723.3 used,   2206.3 buff/cache     
MiB Swap:   3898.0 total,   3898.0 free,      0.0 used.   4461.5 avail Mem 

    PID USER      PR  NI    VIRT    RES    SHR S  %CPU  %MEM     TIME+ COMMAND
      1 root      20   0    4588   3456   3072 S   0.0   0.1   0:00.19 bash
      9 root      20   0    4588   3712   3200 S   0.0   0.1   0:00.23 bash
    263 root      20   0   11052   1696    768 S   0.0   0.0   0:00.00 nginx
    264 nobody    20   0   11280   3104   2048 S   0.0   0.0   0:00.00 nginx
    273 root      20   0    8716   5248   3200 R   0.0   0.1   0:00.01 top

top - 09:20:03 up  1:05,  0 user,  load average: 0.35, 0.26, 0.25
Tasks:   5 total,   1 running,   4 sleeping,   0 stopped,   0 zombie
%Cpu(s):  7.9 us, 12.3 sy,  0.0 ni, 75.3 id,  0.0 wa,  0.0 hi,  4.4 si,  0.0 st 
MiB Mem :   6184.8 total,   2577.4 free,   1723.3 used,   2206.3 buff/cache     
MiB Swap:   3898.0 total,   3898.0 free,      0.0 used.   4461.5 avail Mem 

    PID USER      PR  NI    VIRT    RES    SHR S  %CPU  %MEM     TIME+ COMMAND
      1 root      20   0    4588   3456   3072 S   0.0   0.1   0:00.19 bash
      9 root      20   0    4588   3712   3200 S   0.0   0.1   0:00.23 bash
    263 root      20   0   11052   1696    768 S   0.0   0.0   0:00.00 nginx
    264 nobody    20   0   11280   3104   2048 S   0.0   0.0   0:00.00 nginx
    273 root      20   0    8716   5248   3200 R   0.0   0.1   0:00.01 top

top - 09:20:04 up  1:05,  0 user,  load average: 0.32, 0.26, 0.25
Tasks:   5 total,   1 running,   4 sleeping,   0 stopped,   0 zombie
%Cpu(s):  6.0 us, 12.3 sy,  0.0 ni, 77.4 id,  0.0 wa,  0.0 hi,  4.4 si,  0.0 st 
MiB Mem :   6184.8 total,   2577.4 free,   1723.3 used,   2206.3 buff/cache     
MiB Swap:   3898.0 total,   3898.0 free,      0.0 used.   4461.5 avail Mem 

    PID USER      PR  NI    VIRT    RES    SHR S  %CPU  %MEM     TIME+ COMMAND
      1 root      20   0    4588   3456   3072 S   0.0   0.1   0:00.19 bash
      9 root      20   0    4588   3712   3200 S   0.0   0.1   0:00.23 bash
    263 root      20   0   11052   1696    768 S   0.0   0.0   0:00.00 nginx
    264 nobody    20   0   11280   3104   2048 S   0.0   0.0   0:00.00 nginx
    273 root      20   0    8716   5248   3200 R   0.0   0.1   0:00.01 top

top - 09:20:05 up  1:05,  0 user,  load average: 0.32, 0.26, 0.25
Tasks:   5 total,   1 running,   4 sleeping,   0 stopped,   0 zombie
%Cpu(s):  6.6 us, 16.2 sy,  0.0 ni, 72.8 id,  0.0 wa,  0.0 hi,  4.3 si,  0.0 st 
MiB Mem :   6184.8 total,   2577.4 free,   1723.2 used,   2206.4 buff/cache     
MiB Swap:   3898.0 total,   3898.0 free,      0.0 used.   4461.6 avail Mem 

    PID USER      PR  NI    VIRT    RES    SHR S  %CPU  %MEM     TIME+ COMMAND
      1 root      20   0    4588   3456   3072 S   0.0   0.1   0:00.19 bash
      9 root      20   0    4588   3712   3200 S   0.0   0.1   0:00.23 bash
    263 root      20   0   11052   1696    768 S   0.0   0.0   0:00.00 nginx
    264 nobody    20   0   11280   3104   2048 S   0.0   0.0   0:00.00 nginx
    273 root      20   0    8716   5248   3200 R   0.0   0.1   0:00.01 top

top - 09:20:06 up  1:05,  0 user,  load average: 0.32, 0.26, 0.25
Tasks:   5 total,   1 running,   4 sleeping,   0 stopped,   0 zombie
%Cpu(s):  7.5 us, 11.9 sy,  0.0 ni, 75.8 id,  0.0 wa,  0.0 hi,  4.7 si,  0.0 st 
MiB Mem :   6184.8 total,   2577.4 free,   1723.2 used,   2206.4 buff/cache     
MiB Swap:   3898.0 total,   3898.0 free,      0.0 used.   4461.6 avail Mem 

    PID USER      PR  NI    VIRT    RES    SHR S  %CPU  %MEM     TIME+ COMMAND
      1 root      20   0    4588   3456   3072 S   0.0   0.1   0:00.19 bash
      9 root      20   0    4588   3712   3200 S   0.0   0.1   0:00.23 bash
    263 root      20   0   11052   1696    768 S   0.0   0.0   0:00.00 nginx
    264 nobody    20   0   11280   3104   2048 S   0.0   0.0   0:00.00 nginx
    273 root      20   0    8716   5248   3200 R   0.0   0.1   0:00.01 top

top - 09:20:07 up  1:05,  0 user,  load average: 0.32, 0.26, 0.25
Tasks:   5 total,   1 running,   4 sleeping,   0 stopped,   0 zombie
%Cpu(s):  7.0 us, 12.1 sy,  0.0 ni, 77.4 id,  0.0 wa,  0.0 hi,  3.5 si,  0.0 st 
MiB Mem :   6184.8 total,   2577.4 free,   1723.2 used,   2206.4 buff/cache     
MiB Swap:   3898.0 total,   3898.0 free,      0.0 used.   4461.6 avail Mem 

    PID USER      PR  NI    VIRT    RES    SHR S  %CPU  %MEM     TIME+ COMMAND
      1 root      20   0    4588   3456   3072 S   0.0   0.1   0:00.19 bash
      9 root      20   0    4588   3712   3200 S   0.0   0.1   0:00.23 bash
    263 root      20   0   11052   1696    768 S   0.0   0.0   0:00.00 nginx
    264 nobody    20   0   11280   3104   2048 S   0.0   0.0   0:00.00 nginx
    273 root      20   0    8716   5248   3200 R   0.0   0.1   0:00.01 top

top - 09:20:08 up  1:05,  0 user,  load average: 0.32, 0.26, 0.25
Tasks:   5 total,   1 running,   4 sleeping,   0 stopped,   0 zombie
%Cpu(s):  5.1 us, 13.7 sy,  0.0 ni, 76.0 id,  0.3 wa,  0.0 hi,  4.8 si,  0.0 st 
MiB Mem :   6184.8 total,   2577.4 free,   1723.1 used,   2206.5 buff/cache     
MiB Swap:   3898.0 total,   3898.0 free,      0.0 used.   4461.7 avail Mem 

    PID USER      PR  NI    VIRT    RES    SHR S  %CPU  %MEM     TIME+ COMMAND
      1 root      20   0    4588   3456   3072 S   0.0   0.1   0:00.19 bash
      9 root      20   0    4588   3712   3200 S   0.0   0.1   0:00.23 bash
    263 root      20   0   11052   1696    768 S   0.0   0.0   0:00.00 nginx
    264 nobody    20   0   11280   3104   2048 S   0.0   0.0   0:00.00 nginx
    273 root      20   0    8716   5248   3200 R   0.0   0.1   0:00.01 top

top - 09:20:09 up  1:05,  0 user,  load average: 0.45, 0.29, 0.26
Tasks:   5 total,   1 running,   4 sleeping,   0 stopped,   0 zombie
%Cpu(s):  6.1 us, 16.1 sy,  0.0 ni, 72.3 id,  0.0 wa,  0.0 hi,  5.5 si,  0.0 st 
MiB Mem :   6184.8 total,   2577.4 free,   1723.1 used,   2206.5 buff/cache     
MiB Swap:   3898.0 total,   3898.0 free,      0.0 used.   4461.7 avail Mem 

    PID USER      PR  NI    VIRT    RES    SHR S  %CPU  %MEM     TIME+ COMMAND
      1 root      20   0    4588   3456   3072 S   0.0   0.1   0:00.19 bash
      9 root      20   0    4588   3712   3200 S   0.0   0.1   0:00.23 bash
    263 root      20   0   11052   1696    768 S   0.0   0.0   0:00.00 nginx
    264 nobody    20   0   11280   3104   2048 S   0.0   0.0   0:00.00 nginx
    273 root      20   0    8716   5248   3200 R   0.0   0.1   0:00.01 top

top - 09:20:10 up  1:05,  0 user,  load average: 0.45, 0.29, 0.26
Tasks:   5 total,   1 running,   4 sleeping,   0 stopped,   0 zombie
%Cpu(s):  6.4 us, 14.5 sy,  0.0 ni, 74.9 id,  0.0 wa,  0.0 hi,  4.2 si,  0.0 st 
MiB Mem :   6184.8 total,   2577.4 free,   1723.1 used,   2206.5 buff/cache     
MiB Swap:   3898.0 total,   3898.0 free,      0.0 used.   4461.7 avail Mem 

    PID USER      PR  NI    VIRT    RES    SHR S  %CPU  %MEM     TIME+ COMMAND
      1 root      20   0    4588   3456   3072 S   0.0   0.1   0:00.19 bash
      9 root      20   0    4588   3712   3200 S   0.0   0.1   0:00.23 bash
    263 root      20   0   11052   1696    768 S   0.0   0.0   0:00.00 nginx
    264 nobody    20   0   11280   3104   2048 S   0.0   0.0   0:00.00 nginx
    273 root      20   0    8716   5248   3200 R   0.0   0.1   0:00.01 top

top - 09:20:11 up  1:05,  0 user,  load average: 0.45, 0.29, 0.26
Tasks:   5 total,   1 running,   4 sleeping,   0 stopped,   0 zombie
%Cpu(s):  6.7 us, 12.4 sy,  0.0 ni, 76.8 id,  0.0 wa,  0.0 hi,  4.1 si,  0.0 st 
MiB Mem :   6184.8 total,   2577.2 free,   1723.3 used,   2206.5 buff/cache     
MiB Swap:   3898.0 total,   3898.0 free,      0.0 used.   4461.5 avail Mem 

    PID USER      PR  NI    VIRT    RES    SHR S  %CPU  %MEM     TIME+ COMMAND
      1 root      20   0    4588   3456   3072 S   0.0   0.1   0:00.19 bash
      9 root      20   0    4588   3712   3200 S   0.0   0.1   0:00.23 bash
    263 root      20   0   11052   1696    768 S   0.0   0.0   0:00.00 nginx
    264 nobody    20   0   11280   3104   2048 S   0.0   0.0   0:00.00 nginx
    273 root      20   0    8716   5248   3200 R   0.0   0.1   0:00.01 top

top - 09:20:12 up  1:05,  0 user,  load average: 0.45, 0.29, 0.26
Tasks:   5 total,   1 running,   4 sleeping,   0 stopped,   0 zombie
%Cpu(s):  5.7 us, 12.9 sy,  0.0 ni, 77.3 id,  0.0 wa,  0.0 hi,  4.1 si,  0.0 st 
MiB Mem :   6184.8 total,   2577.2 free,   1723.3 used,   2206.5 buff/cache     
MiB Swap:   3898.0 total,   3898.0 free,      0.0 used.   4461.5 avail Mem 

    PID USER      PR  NI    VIRT    RES    SHR S  %CPU  %MEM     TIME+ COMMAND
      1 root      20   0    4588   3456   3072 S   0.0   0.1   0:00.19 bash
      9 root      20   0    4588   3712   3200 S   0.0   0.1   0:00.23 bash
    263 root      20   0   11052   1696    768 S   0.0   0.0   0:00.00 nginx
    264 nobody    20   0   11280   3104   2048 S   0.0   0.0   0:00.00 nginx
    273 root      20   0    8716   5248   3200 R   0.0   0.1   0:00.01 top

top - 09:20:13 up  1:05,  0 user,  load average: 0.45, 0.29, 0.26
Tasks:   5 total,   1 running,   4 sleeping,   0 stopped,   0 zombie
%Cpu(s):  4.8 us, 12.4 sy,  0.0 ni, 78.3 id,  0.0 wa,  0.0 hi,  4.5 si,  0.0 st 
MiB Mem :   6184.8 total,   2577.2 free,   1723.3 used,   2206.5 buff/cache     
MiB Swap:   3898.0 total,   3898.0 free,      0.0 used.   4461.5 avail Mem 

    PID USER      PR  NI    VIRT    RES    SHR S  %CPU  %MEM     TIME+ COMMAND
      1 root      20   0    4588   3456   3072 S   0.0   0.1   0:00.19 bash
      9 root      20   0    4588   3712   3200 S   0.0   0.1   0:00.23 bash
    263 root      20   0   11052   1696    768 S   0.0   0.0   0:00.00 nginx
    264 nobody    20   0   11280   3104   2048 S   0.0   0.0   0:00.00 nginx
    273 root      20   0    8716   5248   3200 R   0.0   0.1   0:00.01 top

top - 09:20:14 up  1:05,  0 user,  load average: 0.42, 0.28, 0.26
Tasks:   5 total,   1 running,   4 sleeping,   0 stopped,   0 zombie
%Cpu(s):  5.6 us, 13.8 sy,  0.0 ni, 75.3 id,  0.0 wa,  0.0 hi,  5.3 si,  0.0 st 
MiB Mem :   6184.8 total,   2576.9 free,   1723.5 used,   2206.6 buff/cache     
MiB Swap:   3898.0 total,   3898.0 free,      0.0 used.   4461.3 avail Mem 

    PID USER      PR  NI    VIRT    RES    SHR S  %CPU  %MEM     TIME+ COMMAND
      1 root      20   0    4588   3456   3072 S   0.0   0.1   0:00.19 bash
      9 root      20   0    4588   3712   3200 S   0.0   0.1   0:00.23 bash
    263 root      20   0   11052   1696    768 S   0.0   0.0   0:00.00 nginx
    264 nobody    20   0   11280   3104   2048 S   0.0   0.0   0:00.00 nginx
    273 root      20   0    8716   5248   3200 R   0.0   0.1   0:00.01 top

top - 09:20:15 up  1:05,  0 user,  load average: 0.42, 0.28, 0.26
Tasks:   5 total,   1 running,   4 sleeping,   0 stopped,   0 zombie
%Cpu(s):  5.7 us, 14.9 sy,  0.0 ni, 74.9 id,  0.0 wa,  0.0 hi,  4.4 si,  0.0 st 
MiB Mem :   6184.8 total,   2576.9 free,   1723.5 used,   2206.6 buff/cache     
MiB Swap:   3898.0 total,   3898.0 free,      0.0 used.   4461.3 avail Mem 

    PID USER      PR  NI    VIRT    RES    SHR S  %CPU  %MEM     TIME+ COMMAND
      1 root      20   0    4588   3456   3072 S   0.0   0.1   0:00.19 bash
      9 root      20   0    4588   3712   3200 S   0.0   0.1   0:00.23 bash
    263 root      20   0   11052   1696    768 S   0.0   0.0   0:00.00 nginx
    264 nobody    20   0   11280   3104   2048 S   0.0   0.0   0:00.00 nginx
    273 root      20   0    8716   5248   3200 R   0.0   0.1   0:00.01 top

top - 09:20:16 up  1:05,  0 user,  load average: 0.42, 0.28, 0.26
Tasks:   5 total,   1 running,   4 sleeping,   0 stopped,   0 zombie
%Cpu(s):  4.5 us, 13.1 sy,  0.0 ni, 78.3 id,  0.0 wa,  0.0 hi,  4.2 si,  0.0 st 
MiB Mem :   6184.8 total,   2576.9 free,   1723.5 used,   2206.6 buff/cache     
MiB Swap:   3898.0 total,   3898.0 free,      0.0 used.   4461.3 avail Mem 

    PID USER      PR  NI    VIRT    RES    SHR S  %CPU  %MEM     TIME+ COMMAND
      1 root      20   0    4588   3456   3072 S   0.0   0.1   0:00.19 bash
      9 root      20   0    4588   3712   3200 S   0.0   0.1   0:00.23 bash
    263 root      20   0   11052   1696    768 S   0.0   0.0   0:00.00 nginx
    264 nobody    20   0   11280   3104   2048 S   0.0   0.0   0:00.00 nginx
    273 root      20   0    8716   5248   3200 R   0.0   0.1   0:00.01 top

top - 09:20:17 up  1:05,  0 user,  load average: 0.42, 0.28, 0.26
Tasks:   5 total,   1 running,   4 sleeping,   0 stopped,   0 zombie
%Cpu(s):  6.1 us, 12.2 sy,  0.0 ni, 78.5 id,  0.0 wa,  0.0 hi,  3.2 si,  0.0 st 
MiB Mem :   6184.8 total,   2576.9 free,   1723.5 used,   2206.6 buff/cache     
MiB Swap:   3898.0 total,   3898.0 free,      0.0 used.   4461.4 avail Mem 

    PID USER      PR  NI    VIRT    RES    SHR S  %CPU  %MEM     TIME+ COMMAND
    273 root      20   0    8716   5248   3200 R   1.0   0.1   0:00.02 top
      1 root      20   0    4588   3456   3072 S   0.0   0.1   0:00.19 bash
      9 root      20   0    4588   3712   3200 S   0.0   0.1   0:00.23 bash
    263 root      20   0   11052   1696    768 S   0.0   0.0   0:00.00 nginx
    264 nobody    20   0   11280   3104   2048 S   0.0   0.0   0:00.00 nginx

top - 09:20:18 up  1:05,  0 user,  load average: 0.42, 0.28, 0.26
Tasks:   5 total,   1 running,   4 sleeping,   0 stopped,   0 zombie
%Cpu(s):  7.2 us, 18.0 sy,  0.0 ni, 67.9 id,  0.0 wa,  0.0 hi,  6.9 si,  0.0 st 
MiB Mem :   6184.8 total,   2576.9 free,   1723.5 used,   2206.6 buff/cache     
MiB Swap:   3898.0 total,   3898.0 free,      0.0 used.   4461.4 avail Mem 

    PID USER      PR  NI    VIRT    RES    SHR S  %CPU  %MEM     TIME+ COMMAND
      1 root      20   0    4588   3456   3072 S   0.0   0.1   0:00.19 bash
      9 root      20   0    4588   3712   3200 S   0.0   0.1   0:00.23 bash
    263 root      20   0   11052   1696    768 S   0.0   0.0   0:00.00 nginx
    264 nobody    20   0   11280   3104   2048 S   0.0   0.0   0:00.00 nginx
    273 root      20   0    8716   5248   3200 R   0.0   0.1   0:00.02 top

top - 09:20:19 up  1:05,  0 user,  load average: 0.55, 0.31, 0.27
Tasks:   5 total,   1 running,   4 sleeping,   0 stopped,   0 zombie
%Cpu(s):  6.0 us, 11.7 sy,  0.0 ni, 78.9 id,  0.0 wa,  0.0 hi,  3.5 si,  0.0 st 
MiB Mem :   6184.8 total,   2576.9 free,   1723.5 used,   2206.6 buff/cache     
MiB Swap:   3898.0 total,   3898.0 free,      0.0 used.   4461.4 avail Mem 

    PID USER      PR  NI    VIRT    RES    SHR S  %CPU  %MEM     TIME+ COMMAND
      1 root      20   0    4588   3456   3072 S   0.0   0.1   0:00.19 bash
      9 root      20   0    4588   3712   3200 S   0.0   0.1   0:00.23 bash
    263 root      20   0   11052   1696    768 S   0.0   0.0   0:00.00 nginx
    264 nobody    20   0   11280   3104   2048 S   0.0   0.0   0:00.00 nginx
    273 root      20   0    8716   5248   3200 R   0.0   0.1   0:00.02 top

top - 09:20:20 up  1:05,  0 user,  load average: 0.55, 0.31, 0.27
Tasks:   5 total,   1 running,   4 sleeping,   0 stopped,   0 zombie
%Cpu(s):  6.7 us, 11.9 sy,  0.0 ni, 77.9 id,  0.0 wa,  0.0 hi,  3.5 si,  0.0 st 
MiB Mem :   6184.8 total,   2576.7 free,   1723.7 used,   2206.7 buff/cache     
MiB Swap:   3898.0 total,   3898.0 free,      0.0 used.   4461.2 avail Mem 

    PID USER      PR  NI    VIRT    RES    SHR S  %CPU  %MEM     TIME+ COMMAND
      1 root      20   0    4588   3456   3072 S   0.0   0.1   0:00.19 bash
      9 root      20   0    4588   3712   3200 S   0.0   0.1   0:00.23 bash
    263 root      20   0   11052   1696    768 S   0.0   0.0   0:00.00 nginx
    264 nobody    20   0   11280   3104   2048 S   0.0   0.0   0:00.00 nginx
    273 root      20   0    8716   5248   3200 R   0.0   0.1   0:00.02 top

top - 09:20:21 up  1:05,  0 user,  load average: 0.55, 0.31, 0.27
Tasks:   5 total,   1 running,   4 sleeping,   0 stopped,   0 zombie
%Cpu(s):  7.5 us, 14.6 sy,  0.0 ni, 73.6 id,  0.0 wa,  0.0 hi,  4.3 si,  0.0 st 
MiB Mem :   6184.8 total,   2576.7 free,   1723.7 used,   2206.7 buff/cache     
MiB Swap:   3898.0 total,   3898.0 free,      0.0 used.   4461.2 avail Mem 

    PID USER      PR  NI    VIRT    RES    SHR S  %CPU  %MEM     TIME+ COMMAND
      1 root      20   0    4588   3456   3072 S   0.0   0.1   0:00.19 bash
      9 root      20   0    4588   3712   3200 S   0.0   0.1   0:00.23 bash
    263 root      20   0   11052   1696    768 S   0.0   0.0   0:00.00 nginx
    264 nobody    20   0   11280   3104   2048 S   0.0   0.0   0:00.00 nginx
    273 root      20   0    8716   5248   3200 R   0.0   0.1   0:00.02 top

top - 09:20:22 up  1:06,  0 user,  load average: 0.55, 0.31, 0.27
Tasks:   5 total,   1 running,   4 sleeping,   0 stopped,   0 zombie
%Cpu(s):  5.7 us, 11.1 sy,  0.0 ni, 79.2 id,  0.0 wa,  0.0 hi,  3.9 si,  0.0 st 
MiB Mem :   6184.8 total,   2576.7 free,   1723.7 used,   2206.7 buff/cache     
MiB Swap:   3898.0 total,   3898.0 free,      0.0 used.   4461.2 avail Mem 

    PID USER      PR  NI    VIRT    RES    SHR S  %CPU  %MEM     TIME+ COMMAND
      1 root      20   0    4588   3456   3072 S   0.0   0.1   0:00.19 bash
      9 root      20   0    4588   3712   3200 S   0.0   0.1   0:00.23 bash
    263 root      20   0   11052   1696    768 S   0.0   0.0   0:00.00 nginx
    264 nobody    20   0   11280   3104   2048 S   0.0   0.0   0:00.00 nginx
    273 root      20   0    8716   5248   3200 R   0.0   0.1   0:00.02 top

top - 09:20:23 up  1:06,  0 user,  load average: 0.55, 0.31, 0.27
Tasks:   5 total,   1 running,   4 sleeping,   0 stopped,   0 zombie
%Cpu(s):  7.3 us, 11.7 sy,  0.0 ni, 77.5 id,  0.0 wa,  0.0 hi,  3.5 si,  0.0 st 
MiB Mem :   6184.8 total,   2576.4 free,   1723.9 used,   2206.7 buff/cache     
MiB Swap:   3898.0 total,   3898.0 free,      0.0 used.   4460.9 avail Mem 

    PID USER      PR  NI    VIRT    RES    SHR S  %CPU  %MEM     TIME+ COMMAND
      1 root      20   0    4588   3456   3072 S   0.0   0.1   0:00.19 bash
      9 root      20   0    4588   3712   3200 S   0.0   0.1   0:00.23 bash
    263 root      20   0   11052   1696    768 S   0.0   0.0   0:00.00 nginx
    264 nobody    20   0   11280   3104   2048 S   0.0   0.0   0:00.00 nginx
    273 root      20   0    8716   5248   3200 R   0.0   0.1   0:00.02 top

top - 09:20:24 up  1:06,  0 user,  load average: 0.90, 0.39, 0.29
Tasks:   5 total,   1 running,   4 sleeping,   0 stopped,   0 zombie
%Cpu(s):  6.4 us, 12.8 sy,  0.0 ni, 76.7 id,  0.0 wa,  0.0 hi,  4.2 si,  0.0 st 
MiB Mem :   6184.8 total,   2576.4 free,   1723.9 used,   2206.7 buff/cache     
MiB Swap:   3898.0 total,   3898.0 free,      0.0 used.   4460.9 avail Mem 

    PID USER      PR  NI    VIRT    RES    SHR S  %CPU  %MEM     TIME+ COMMAND
      1 root      20   0    4588   3456   3072 S   0.0   0.1   0:00.19 bash
      9 root      20   0    4588   3712   3200 S   0.0   0.1   0:00.23 bash
    263 root      20   0   11052   1696    768 S   0.0   0.0   0:00.00 nginx
    264 nobody    20   0   11280   3104   2048 S   0.0   0.0   0:00.00 nginx
    273 root      20   0    8716   5248   3200 R   0.0   0.1   0:00.02 top

top - 09:20:25 up  1:06,  0 user,  load average: 0.90, 0.39, 0.29
Tasks:   5 total,   1 running,   4 sleeping,   0 stopped,   0 zombie
%Cpu(s):  5.7 us, 12.3 sy,  0.0 ni, 78.0 id,  0.0 wa,  0.0 hi,  4.1 si,  0.0 st 
MiB Mem :   6184.8 total,   2576.4 free,   1723.9 used,   2206.7 buff/cache     
MiB Swap:   3898.0 total,   3898.0 free,      0.0 used.   4460.9 avail Mem 

    PID USER      PR  NI    VIRT    RES    SHR S  %CPU  %MEM     TIME+ COMMAND
    273 root      20   0    8716   5248   3200 R   1.0   0.1   0:00.03 top
      1 root      20   0    4588   3456   3072 S   0.0   0.1   0:00.19 bash
      9 root      20   0    4588   3712   3200 S   0.0   0.1   0:00.23 bash
    263 root      20   0   11052   1696    768 S   0.0   0.0   0:00.00 nginx
    264 nobody    20   0   11280   3104   2048 S   0.0   0.0   0:00.00 nginx

top - 09:20:26 up  1:06,  0 user,  load average: 0.90, 0.39, 0.29
Tasks:   5 total,   1 running,   4 sleeping,   0 stopped,   0 zombie
%Cpu(s):  5.2 us, 14.5 sy,  0.0 ni, 76.1 id,  0.0 wa,  0.0 hi,  4.2 si,  0.0 st 
MiB Mem :   6184.8 total,   2575.9 free,   1724.3 used,   2206.8 buff/cache     
MiB Swap:   3898.0 total,   3898.0 free,      0.0 used.   4460.5 avail Mem 

    PID USER      PR  NI    VIRT    RES    SHR S  %CPU  %MEM     TIME+ COMMAND
      1 root      20   0    4588   3456   3072 S   0.0   0.1   0:00.19 bash
      9 root      20   0    4588   3712   3200 S   0.0   0.1   0:00.23 bash
    263 root      20   0   11052   1696    768 S   0.0   0.0   0:00.00 nginx
    264 nobody    20   0   11280   3104   2048 S   0.0   0.0   0:00.00 nginx
    273 root      20   0    8716   5248   3200 R   0.0   0.1   0:00.03 top

top - 09:20:27 up  1:06,  0 user,  load average: 0.90, 0.39, 0.29
Tasks:   5 total,   1 running,   4 sleeping,   0 stopped,   0 zombie
%Cpu(s):  6.8 us, 15.2 sy,  0.0 ni, 72.8 id,  0.0 wa,  0.0 hi,  5.2 si,  0.0 st 
MiB Mem :   6184.8 total,   2575.9 free,   1724.3 used,   2206.8 buff/cache     
MiB Swap:   3898.0 total,   3898.0 free,      0.0 used.   4460.5 avail Mem 

    PID USER      PR  NI    VIRT    RES    SHR S  %CPU  %MEM     TIME+ COMMAND
      1 root      20   0    4588   3456   3072 S   0.0   0.1   0:00.19 bash
      9 root      20   0    4588   3712   3200 S   0.0   0.1   0:00.23 bash
    263 root      20   0   11052   1696    768 S   0.0   0.0   0:00.00 nginx
    264 nobody    20   0   11280   3104   2048 S   0.0   0.0   0:00.00 nginx
    273 root      20   0    8716   5248   3200 R   0.0   0.1   0:00.03 top

top - 09:20:28 up  1:06,  0 user,  load average: 0.90, 0.39, 0.29
Tasks:   5 total,   1 running,   4 sleeping,   0 stopped,   0 zombie
%Cpu(s):  6.0 us, 16.2 sy,  0.0 ni, 72.5 id,  0.0 wa,  0.0 hi,  5.3 si,  0.0 st 
MiB Mem :   6184.8 total,   2575.9 free,   1724.3 used,   2206.8 buff/cache     
MiB Swap:   3898.0 total,   3898.0 free,      0.0 used.   4460.5 avail Mem 

    PID USER      PR  NI    VIRT    RES    SHR S  %CPU  %MEM     TIME+ COMMAND
      1 root      20   0    4588   3456   3072 S   0.0   0.1   0:00.19 bash
      9 root      20   0    4588   3712   3200 S   0.0   0.1   0:00.23 bash
    263 root      20   0   11052   1696    768 S   0.0   0.0   0:00.00 nginx
    264 nobody    20   0   11280   3104   2048 S   0.0   0.0   0:00.00 nginx
    273 root      20   0    8716   5248   3200 R   0.0   0.1   0:00.03 top

top - 09:20:29 up  1:06,  0 user,  load average: 0.99, 0.41, 0.30
Tasks:   5 total,   1 running,   4 sleeping,   0 stopped,   0 zombie
%Cpu(s):  5.7 us, 13.4 sy,  0.0 ni, 76.8 id,  0.0 wa,  0.0 hi,  4.1 si,  0.0 st 
MiB Mem :   6184.8 total,   2575.7 free,   1724.5 used,   2206.8 buff/cache     
MiB Swap:   3898.0 total,   3898.0 free,      0.0 used.   4460.3 avail Mem 

    PID USER      PR  NI    VIRT    RES    SHR S  %CPU  %MEM     TIME+ COMMAND
      1 root      20   0    4588   3456   3072 S   0.0   0.1   0:00.19 bash
      9 root      20   0    4588   3712   3200 S   0.0   0.1   0:00.23 bash
    263 root      20   0   11052   1696    768 S   0.0   0.0   0:00.00 nginx
    264 nobody    20   0   11280   3104   2048 S   0.0   0.0   0:00.00 nginx
    273 root      20   0    8716   5248   3200 R   0.0   0.1   0:00.03 top

top - 09:20:30 up  1:06,  0 user,  load average: 0.99, 0.41, 0.30
Tasks:   5 total,   1 running,   4 sleeping,   0 stopped,   0 zombie
%Cpu(s):  5.6 us, 12.0 sy,  0.0 ni, 78.1 id,  0.0 wa,  0.0 hi,  4.3 si,  0.0 st 
MiB Mem :   6184.8 total,   2575.7 free,   1724.5 used,   2206.8 buff/cache     
MiB Swap:   3898.0 total,   3898.0 free,      0.0 used.   4460.3 avail Mem 

    PID USER      PR  NI    VIRT    RES    SHR S  %CPU  %MEM     TIME+ COMMAND
      1 root      20   0    4588   3456   3072 S   0.0   0.1   0:00.19 bash
      9 root      20   0    4588   3712   3200 S   0.0   0.1   0:00.23 bash
    263 root      20   0   11052   1696    768 S   0.0   0.0   0:00.00 nginx
    264 nobody    20   0   11280   3104   2048 S   0.0   0.0   0:00.00 nginx
    273 root      20   0    8716   5248   3200 R   0.0   0.1   0:00.03 top

top - 09:20:31 up  1:06,  0 user,  load average: 0.99, 0.41, 0.30
Tasks:   5 total,   1 running,   4 sleeping,   0 stopped,   0 zombie
%Cpu(s):  5.0 us, 12.3 sy,  0.0 ni, 77.7 id,  0.0 wa,  0.0 hi,  5.0 si,  0.0 st 
MiB Mem :   6184.8 total,   2575.7 free,   1724.5 used,   2206.8 buff/cache     
MiB Swap:   3898.0 total,   3898.0 free,      0.0 used.   4460.3 avail Mem 

    PID USER      PR  NI    VIRT    RES    SHR S  %CPU  %MEM     TIME+ COMMAND
      1 root      20   0    4588   3456   3072 S   0.0   0.1   0:00.19 bash
      9 root      20   0    4588   3712   3200 S   0.0   0.1   0:00.23 bash
    263 root      20   0   11052   1696    768 S   0.0   0.0   0:00.00 nginx
    264 nobody    20   0   11280   3104   2048 S   0.0   0.0   0:00.00 nginx
    273 root      20   0    8716   5248   3200 R   0.0   0.1   0:00.03 top

top - 09:20:32 up  1:06,  0 user,  load average: 0.99, 0.41, 0.30
Tasks:   5 total,   1 running,   4 sleeping,   0 stopped,   0 zombie
%Cpu(s):  3.4 us,  8.6 sy,  0.0 ni, 84.9 id,  0.0 wa,  0.0 hi,  3.1 si,  0.0 st 
MiB Mem :   6184.8 total,   2575.7 free,   1724.5 used,   2206.9 buff/cache     
MiB Swap:   3898.0 total,   3898.0 free,      0.0 used.   4460.4 avail Mem 

    PID USER      PR  NI    VIRT    RES    SHR S  %CPU  %MEM     TIME+ COMMAND
      1 root      20   0    4588   3456   3072 S   0.0   0.1   0:00.19 bash
      9 root      20   0    4588   3712   3200 S   0.0   0.1   0:00.23 bash
    263 root      20   0   11052   1696    768 S   0.0   0.0   0:00.00 nginx
    264 nobody    20   0   11280   3104   2048 S   0.0   0.0   0:00.00 nginx
    273 root      20   0    8716   5248   3200 R   0.0   0.1   0:00.03 top

top - 09:20:33 up  1:06,  0 user,  load average: 0.99, 0.41, 0.30
Tasks:   5 total,   1 running,   4 sleeping,   0 stopped,   0 zombie
%Cpu(s):  5.8 us,  8.5 sy,  0.0 ni, 82.4 id,  0.3 wa,  0.0 hi,  3.0 si,  0.0 st 
MiB Mem :   6184.8 total,   2575.7 free,   1724.5 used,   2206.9 buff/cache     
MiB Swap:   3898.0 total,   3898.0 free,      0.0 used.   4460.4 avail Mem 

    PID USER      PR  NI    VIRT    RES    SHR S  %CPU  %MEM     TIME+ COMMAND
      1 root      20   0    4588   3456   3072 S   0.0   0.1   0:00.19 bash
      9 root      20   0    4588   3712   3200 S   0.0   0.1   0:00.23 bash
    263 root      20   0   11052   1696    768 S   0.0   0.0   0:00.00 nginx
    264 nobody    20   0   11280   3104   2048 S   0.0   0.0   0:00.00 nginx
    273 root      20   0    8716   5248   3200 R   0.0   0.1   0:00.03 top

top - 09:20:34 up  1:06,  0 user,  load average: 0.99, 0.42, 0.30
Tasks:   5 total,   1 running,   4 sleeping,   0 stopped,   0 zombie
%Cpu(s):  5.6 us, 11.5 sy,  0.0 ni, 79.2 id,  0.0 wa,  0.0 hi,  3.7 si,  0.0 st 
MiB Mem :   6184.8 total,   2575.7 free,   1724.5 used,   2206.9 buff/cache     
MiB Swap:   3898.0 total,   3898.0 free,      0.0 used.   4460.4 avail Mem 

    PID USER      PR  NI    VIRT    RES    SHR S  %CPU  %MEM     TIME+ COMMAND
      1 root      20   0    4588   3456   3072 S   0.0   0.1   0:00.19 bash
      9 root      20   0    4588   3712   3200 S   0.0   0.1   0:00.23 bash
    263 root      20   0   11052   1696    768 S   0.0   0.0   0:00.00 nginx
    264 nobody    20   0   11280   3104   2048 S   0.0   0.0   0:00.00 nginx
    273 root      20   0    8716   5248   3200 R   0.0   0.1   0:00.03 top

top - 09:20:35 up  1:06,  0 user,  load average: 0.99, 0.42, 0.30
Tasks:   5 total,   1 running,   4 sleeping,   0 stopped,   0 zombie
%Cpu(s):  5.5 us, 10.4 sy,  0.0 ni, 81.0 id,  0.0 wa,  0.0 hi,  3.1 si,  0.0 st 
MiB Mem :   6184.8 total,   2575.7 free,   1724.4 used,   2206.9 buff/cache     
MiB Swap:   3898.0 total,   3898.0 free,      0.0 used.   4460.4 avail Mem 

    PID USER      PR  NI    VIRT    RES    SHR S  %CPU  %MEM     TIME+ COMMAND
      1 root      20   0    4588   3456   3072 S   0.0   0.1   0:00.19 bash
      9 root      20   0    4588   3712   3200 S   0.0   0.1   0:00.23 bash
    263 root      20   0   11052   1696    768 S   0.0   0.0   0:00.00 nginx
    264 nobody    20   0   11280   3104   2048 S   0.0   0.0   0:00.00 nginx
    273 root      20   0    8716   5248   3200 R   0.0   0.1   0:00.03 top

top - 09:20:36 up  1:06,  0 user,  load average: 0.99, 0.42, 0.30
Tasks:   5 total,   1 running,   4 sleeping,   0 stopped,   0 zombie
%Cpu(s):  1.9 us,  2.7 sy,  0.0 ni, 94.3 id,  0.0 wa,  0.0 hi,  1.1 si,  0.0 st 
MiB Mem :   6184.8 total,   2575.7 free,   1724.4 used,   2206.9 buff/cache     
MiB Swap:   3898.0 total,   3898.0 free,      0.0 used.   4460.4 avail Mem 

    PID USER      PR  NI    VIRT    RES    SHR S  %CPU  %MEM     TIME+ COMMAND
      1 root      20   0    4588   3456   3072 S   0.0   0.1   0:00.19 bash
      9 root      20   0    4588   3712   3200 S   0.0   0.1   0:00.23 bash
    263 root      20   0   11052   1696    768 S   0.0   0.0   0:00.00 nginx
    264 nobody    20   0   11280   3104   2048 S   0.0   0.0   0:00.00 nginx
    273 root      20   0    8716   5248   3200 R   0.0   0.1   0:00.03 top

top - 09:20:37 up  1:06,  0 user,  load average: 0.99, 0.42, 0.30
Tasks:   5 total,   1 running,   4 sleeping,   0 stopped,   0 zombie
%Cpu(s):  0.2 us,  0.2 sy,  0.0 ni, 99.3 id,  0.0 wa,  0.0 hi,  0.2 si,  0.0 st 
MiB Mem :   6184.8 total,   2575.7 free,   1724.4 used,   2206.9 buff/cache     
MiB Swap:   3898.0 total,   3898.0 free,      0.0 used.   4460.4 avail Mem 

    PID USER      PR  NI    VIRT    RES    SHR S  %CPU  %MEM     TIME+ COMMAND
      1 root      20   0    4588   3456   3072 S   0.0   0.1   0:00.19 bash
      9 root      20   0    4588   3712   3200 S   0.0   0.1   0:00.23 bash
    263 root      20   0   11052   1696    768 S   0.0   0.0   0:00.00 nginx
    264 nobody    20   0   11280   3104   2048 S   0.0   0.0   0:00.00 nginx
    273 root      20   0    8716   5248   3200 R   0.0   0.1   0:00.03 top

top - 09:20:38 up  1:06,  0 user,  load average: 0.99, 0.42, 0.30
Tasks:   5 total,   1 running,   4 sleeping,   0 stopped,   0 zombie
%Cpu(s):  0.7 us,  0.5 sy,  0.0 ni, 98.5 id,  0.0 wa,  0.0 hi,  0.2 si,  0.0 st 
MiB Mem :   6184.8 total,   2577.7 free,   1722.4 used,   2206.9 buff/cache     
MiB Swap:   3898.0 total,   3898.0 free,      0.0 used.   4462.4 avail Mem 

    PID USER      PR  NI    VIRT    RES    SHR S  %CPU  %MEM     TIME+ COMMAND
      1 root      20   0    4588   3456   3072 S   0.0   0.1   0:00.19 bash
      9 root      20   0    4588   3712   3200 S   0.0   0.1   0:00.23 bash
    263 root      20   0   11052   1696    768 S   0.0   0.0   0:00.00 nginx
    264 nobody    20   0   11280   3104   2048 S   0.0   0.0   0:00.00 nginx
    273 root      20   0    8716   5248   3200 R   0.0   0.1   0:00.03 top

top - 09:20:39 up  1:06,  0 user,  load average: 0.91, 0.42, 0.30
Tasks:   5 total,   1 running,   4 sleeping,   0 stopped,   0 zombie
%Cpu(s):  0.2 us,  0.5 sy,  0.0 ni, 99.3 id,  0.0 wa,  0.0 hi,  0.0 si,  0.0 st 
MiB Mem :   6184.8 total,   2577.7 free,   1722.4 used,   2206.9 buff/cache     
MiB Swap:   3898.0 total,   3898.0 free,      0.0 used.   4462.4 avail Mem 

    PID USER      PR  NI    VIRT    RES    SHR S  %CPU  %MEM     TIME+ COMMAND
      1 root      20   0    4588   3456   3072 S   0.0   0.1   0:00.19 bash
      9 root      20   0    4588   3712   3200 S   0.0   0.1   0:00.23 bash
    263 root      20   0   11052   1696    768 S   0.0   0.0   0:00.00 nginx
    264 nobody    20   0   11280   3104   2048 S   0.0   0.0   0:00.00 nginx
    273 root      20   0    8716   5248   3200 R   0.0   0.1   0:00.03 top
